<?xml version="1.0" encoding="UTF-8"?>
<testng-results ignored="0" total="1" passed="1" failed="0" skipped="0">
  <reporter-output>
  </reporter-output>
  <suite started-at="2025-01-15T13:14:27 GMT" name="Default suite" finished-at="2025-01-15T13:14:31 GMT" duration-ms="4050">
    <groups>
    </groups>
    <test started-at="2025-01-15T13:14:27 GMT" name="Default test" finished-at="2025-01-15T13:14:31 GMT" duration-ms="4050">
      <class name="com.book.tests.RegisterTest">
        <test-method is-config="true" signature="openBrowserUrl()[pri:0, instance:com.book.tests.RegisterTest@3e27aa33]" started-at="2025-01-15T13:14:11 GMT" name="openBrowserUrl" finished-at="2025-01-15T13:14:27 GMT" duration-ms="15435" status="PASS">
          <reporter-output>
          </reporter-output>
        </test-method> <!-- openBrowserUrl -->
        <test-method signature="UserLoginTest()[pri:0, instance:com.book.tests.RegisterTest@3e27aa33]" started-at="2025-01-15T13:14:27 GMT" name="UserLoginTest" finished-at="2025-01-15T13:14:31 GMT" duration-ms="3949" status="PASS">
          <reporter-output>
          </reporter-output>
        </test-method> <!-- UserLoginTest -->
        <test-method is-config="true" signature="closeBrowserUrl()[pri:0, instance:com.book.tests.RegisterTest@3e27aa33]" started-at="2025-01-15T13:14:31 GMT" name="closeBrowserUrl" finished-at="2025-01-15T13:14:32 GMT" duration-ms="1321" status="PASS">
          <reporter-output>
          </reporter-output>
        </test-method> <!-- closeBrowserUrl -->
      </class> <!-- com.book.tests.RegisterTest -->
    </test> <!-- Default test -->
  </suite> <!-- Default suite -->
</testng-results>
